(---------------------------------------------------------------------)
(                                                                     )
(    QUICKPLACE LOG                                                   )
(                                                                     )
(    Drawing          : CADCAD.brd                                    )
(    Software Version : 17.2P028                                      )
(    Date/Time        : Tue Jul 30 12:20:38 2019                      )
(                                                                     )
(---------------------------------------------------------------------)


State: Placing on layer TOP

         Placed symbol:  U3 / LF398_DIP8_3_LF398 / DIP8_3 at (6.473 74.093)
         Placed symbol:  U5 / LF356_4_DIP8_3_LF356 / DIP8_3 at (16.836 74.093)
         Placed symbol:  U4 / LF356_4_DIP8_3_LF356 / DIP8_3 at (27.199 74.093)
         Placed symbol:  U2 / LF356_4_DIP8_3_LF356 / DIP8_3 at (37.562 74.093)
         Placed symbol:  U1 / NE555_7_DIP8_3_NE555 / DIP8_3 at (47.925 74.093)
         Placed symbol:  J1 / CON4_JUMPER4_CON4 / JUMPER4 at (58.288 66.727)
         Placed symbol:  J2 / CON3_JUMPER3_CON3 / JUMPER3 at (68.651 66.473)
         Placed symbol:  Q1 / PNP BCE_TO92_2SA1015 / TO92 at (76.700 67.210)
         Placed symbol:  VR1 / POT_RESADJ_5K / RESADJ at (84.749 71.401)
         Placed symbol:  VR2 / POT_RESADJ_20K / RESADJ at (90.032 71.401)
         Placed symbol:  R3 / R_RES400_6.2K / RES400 at (93.359 66.384)
         Placed symbol:  R1 / R_RES400_560 / RES400 at (7.057 79.109)
         Placed symbol:  R2 / R_RES400_39K / RES400 at (10.384 79.109)
         Placed symbol:  R6 / R_RES400_10K / RES400 at (13.711 79.109)
         Placed symbol:  R7 / R_RES400_10K / RES400 at (17.038 79.109)
         Placed symbol:  R8 / R_RES400_10K / RES400 at (20.365 79.109)
         Placed symbol:  R9 / R_RES400_10K / RES400 at (23.692 79.109)
         Placed symbol:  J3 / CON2_JUMPER2_CON2 / JUMPER2 at (26.435 79.198)
         Placed symbol:  D1 / DIODE_DO41_1S1588 / DO41 at (31.972 79.071)
         Placed symbol:  C3 / CAP NP_CAP196_0.01UF / CAP196 at (36.493 79.198)
         Placed symbol:  C2 / CAP NP_CAP196_0.01UF / CAP196 at (42.284 79.198)
         Placed symbol:  R4 / R_RES400_100K / RES400 at (47.135 79.109)
         Placed symbol:  R5 / R_RES400_10K / RES400 at (50.462 79.109)
         Placed symbol:  C1 / CAP NP_CAP196_0.01UF / CAP196 at (54.729 79.198)


Placed 24 of 24 applicable (24 total) symbols.

-----------------------------------------------------------------------

